This file contains any messages produced by compilers while
running configure, to aid debugging if configure makes a mistake.

It was created by configure, which was
generated by GNU Autoconf 2.69.  Invocation command line was

  $ ./configure 

## --------- ##
## Platform. ##
## --------- ##

hostname = akhila-VirtualBox
uname -m = x86_64
uname -r = 5.4.0-42-generic
uname -s = Linux
uname -v = #46~18.04.1-Ubuntu SMP Fri Jul 10 07:21:24 UTC 2020

/usr/bin/uname -p = unknown
/bin/uname -X     = unknown

/bin/arch              = unknown
/usr/bin/arch -k       = unknown
/usr/convex/getsysinfo = unknown
/usr/bin/hostinfo      = unknown
/bin/machine           = unknown
/usr/bin/oslevel       = unknown
/bin/universe          = unknown

PATH: /home/akhila/gems/bin
PATH: /home/akhila/gems/bin
PATH: /home/akhila/gems/bin
PATH: /home/akhila/gems/bin
PATH: /home/akhila/.local/bin
PATH: /home/akhila/bin
PATH: /usr/local/sbin
PATH: /usr/local/bin
PATH: /usr/sbin
PATH: /usr/bin
PATH: /sbin
PATH: /bin
PATH: /usr/games
PATH: /usr/local/games
PATH: /snap/bin


## ----------- ##
## Core tests. ##
## ----------- ##

configure:2039: CC: gcc
configure:2041: CXX: g++ -std=gnu++11
configure:2071: checking for gdal-config
configure:2089: found /usr/bin/gdal-config
configure:2102: result: /usr/bin/gdal-config
configure:2139: checking gdal-config usability
configure:2148: result: yes
configure:2167: GDAL: 2.2.3
configure:2169: checking GDAL version >= 2.0.1
configure:2178: result: yes
configure:2246: checking for gcc
configure:2273: result: gcc
configure:2502: checking for C compiler version
configure:2511: gcc --version >&5
gcc (Ubuntu 7.5.0-3ubuntu1~18.04) 7.5.0
Copyright (C) 2017 Free Software Foundation, Inc.
This is free software; see the source for copying conditions.  There is NO
warranty; not even for MERCHANTABILITY or FITNESS FOR A PARTICULAR PURPOSE.

configure:2522: $? = 0
configure:2511: gcc -v >&5
Using built-in specs.
COLLECT_GCC=gcc
COLLECT_LTO_WRAPPER=/usr/lib/gcc/x86_64-linux-gnu/7/lto-wrapper
OFFLOAD_TARGET_NAMES=nvptx-none
OFFLOAD_TARGET_DEFAULT=1
Target: x86_64-linux-gnu
Configured with: ../src/configure -v --with-pkgversion='Ubuntu 7.5.0-3ubuntu1~18.04' --with-bugurl=file:///usr/share/doc/gcc-7/README.Bugs --enable-languages=c,ada,c++,go,brig,d,fortran,objc,obj-c++ --prefix=/usr --with-gcc-major-version-only --program-suffix=-7 --program-prefix=x86_64-linux-gnu- --enable-shared --enable-linker-build-id --libexecdir=/usr/lib --without-included-gettext --enable-threads=posix --libdir=/usr/lib --enable-nls --enable-bootstrap --enable-clocale=gnu --enable-libstdcxx-debug --enable-libstdcxx-time=yes --with-default-libstdcxx-abi=new --enable-gnu-unique-object --disable-vtable-verify --enable-libmpx --enable-plugin --enable-default-pie --with-system-zlib --with-target-system-zlib --enable-objc-gc=auto --enable-multiarch --disable-werror --with-arch-32=i686 --with-abi=m64 --with-multilib-list=m32,m64,mx32 --enable-multilib --with-tune=generic --enable-offload-targets=nvptx-none --without-cuda-driver --enable-checking=release --build=x86_64-linux-gnu --host=x86_64-linux-gnu --target=x86_64-linux-gnu
Thread model: posix
gcc version 7.5.0 (Ubuntu 7.5.0-3ubuntu1~18.04) 
configure:2522: $? = 0
configure:2511: gcc -V >&5
gcc: error: unrecognized command line option '-V'
gcc: fatal error: no input files
compilation terminated.
configure:2522: $? = 1
configure:2511: gcc -qversion >&5
gcc: error: unrecognized command line option '-qversion'; did you mean '--version'?
gcc: fatal error: no input files
compilation terminated.
configure:2522: $? = 1
configure:2542: checking whether the C compiler works
configure:2564: gcc -g -O2 -I/usr/local/include  -I/usr/include/gdal -L/usr/local/lib conftest.c  >&5
configure:2568: $? = 0
configure:2616: result: yes
configure:2619: checking for C compiler default output file name
configure:2621: result: a.out
configure:2627: checking for suffix of executables
configure:2634: gcc -o conftest -g -O2 -I/usr/local/include  -I/usr/include/gdal -L/usr/local/lib conftest.c  >&5
configure:2638: $? = 0
configure:2660: result: 
configure:2682: checking whether we are cross compiling
configure:2690: gcc -o conftest -g -O2 -I/usr/local/include  -I/usr/include/gdal -L/usr/local/lib conftest.c  >&5
configure:2694: $? = 0
configure:2701: ./conftest
configure:2705: $? = 0
configure:2720: result: no
configure:2725: checking for suffix of object files
configure:2747: gcc -c -g -O2 -I/usr/local/include  -I/usr/include/gdal conftest.c >&5
configure:2751: $? = 0
configure:2772: result: o
configure:2776: checking whether we are using the GNU C compiler
configure:2795: gcc -c -g -O2 -I/usr/local/include  -I/usr/include/gdal conftest.c >&5
configure:2795: $? = 0
configure:2804: result: yes
configure:2813: checking whether gcc accepts -g
configure:2833: gcc -c -g -I/usr/local/include  -I/usr/include/gdal conftest.c >&5
configure:2833: $? = 0
configure:2874: result: yes
configure:2891: checking for gcc option to accept ISO C89
configure:2954: gcc  -c -g -O2 -I/usr/local/include  -I/usr/include/gdal conftest.c >&5
configure:2954: $? = 0
configure:2967: result: none needed
configure:2993: checking how to run the C preprocessor
configure:3024: gcc -E -I/usr/local/include  -I/usr/include/gdal conftest.c
configure:3024: $? = 0
configure:3038: gcc -E -I/usr/local/include  -I/usr/include/gdal conftest.c
conftest.c:9:10: fatal error: ac_nonexistent.h: No such file or directory
 #include <ac_nonexistent.h>
          ^~~~~~~~~~~~~~~~~~
compilation terminated.
configure:3038: $? = 1
configure: failed program was:
| /* confdefs.h */
| #define PACKAGE_NAME ""
| #define PACKAGE_TARNAME ""
| #define PACKAGE_VERSION ""
| #define PACKAGE_STRING ""
| #define PACKAGE_BUGREPORT ""
| #define PACKAGE_URL ""
| /* end confdefs.h.  */
| #include <ac_nonexistent.h>
configure:3063: result: gcc -E
configure:3083: gcc -E -I/usr/local/include  -I/usr/include/gdal conftest.c
configure:3083: $? = 0
configure:3097: gcc -E -I/usr/local/include  -I/usr/include/gdal conftest.c
conftest.c:9:10: fatal error: ac_nonexistent.h: No such file or directory
 #include <ac_nonexistent.h>
          ^~~~~~~~~~~~~~~~~~
compilation terminated.
configure:3097: $? = 1
configure: failed program was:
| /* confdefs.h */
| #define PACKAGE_NAME ""
| #define PACKAGE_TARNAME ""
| #define PACKAGE_VERSION ""
| #define PACKAGE_STRING ""
| #define PACKAGE_BUGREPORT ""
| #define PACKAGE_URL ""
| /* end confdefs.h.  */
| #include <ac_nonexistent.h>
configure:3126: checking for grep that handles long lines and -e
configure:3184: result: /bin/grep
configure:3189: checking for egrep
configure:3251: result: /bin/grep -E
configure:3256: checking for ANSI C header files
configure:3276: gcc -c -g -O2 -I/usr/local/include  -I/usr/include/gdal conftest.c >&5
configure:3276: $? = 0
configure:3349: gcc -o conftest -g -O2 -I/usr/local/include  -I/usr/include/gdal -L/usr/local/lib conftest.c  >&5
configure:3349: $? = 0
configure:3349: ./conftest
configure:3349: $? = 0
configure:3360: result: yes
configure:3373: checking for sys/types.h
configure:3373: gcc -c -g -O2 -I/usr/local/include  -I/usr/include/gdal conftest.c >&5
configure:3373: $? = 0
configure:3373: result: yes
configure:3373: checking for sys/stat.h
configure:3373: gcc -c -g -O2 -I/usr/local/include  -I/usr/include/gdal conftest.c >&5
configure:3373: $? = 0
configure:3373: result: yes
configure:3373: checking for stdlib.h
configure:3373: gcc -c -g -O2 -I/usr/local/include  -I/usr/include/gdal conftest.c >&5
configure:3373: $? = 0
configure:3373: result: yes
configure:3373: checking for string.h
configure:3373: gcc -c -g -O2 -I/usr/local/include  -I/usr/include/gdal conftest.c >&5
configure:3373: $? = 0
configure:3373: result: yes
configure:3373: checking for memory.h
configure:3373: gcc -c -g -O2 -I/usr/local/include  -I/usr/include/gdal conftest.c >&5
configure:3373: $? = 0
configure:3373: result: yes
configure:3373: checking for strings.h
configure:3373: gcc -c -g -O2 -I/usr/local/include  -I/usr/include/gdal conftest.c >&5
configure:3373: $? = 0
configure:3373: result: yes
configure:3373: checking for inttypes.h
configure:3373: gcc -c -g -O2 -I/usr/local/include  -I/usr/include/gdal conftest.c >&5
configure:3373: $? = 0
configure:3373: result: yes
configure:3373: checking for stdint.h
configure:3373: gcc -c -g -O2 -I/usr/local/include  -I/usr/include/gdal conftest.c >&5
configure:3373: $? = 0
configure:3373: result: yes
configure:3373: checking for unistd.h
configure:3373: gcc -c -g -O2 -I/usr/local/include  -I/usr/include/gdal conftest.c >&5
configure:3373: $? = 0
configure:3373: result: yes
configure:3387: checking gdal.h usability
configure:3387: gcc -c -g -O2 -I/usr/local/include  -I/usr/include/gdal conftest.c >&5
configure:3387: $? = 0
configure:3387: result: yes
configure:3387: checking gdal.h presence
configure:3387: gcc -E -I/usr/local/include  -I/usr/include/gdal conftest.c
configure:3387: $? = 0
configure:3387: result: yes
configure:3387: checking for gdal.h
configure:3387: result: yes
configure:3418: checking GDAL: linking with --libs only
configure:3426: result: yes
configure:3472: checking GDAL: /usr/share/gdal/2.2/pcs.csv readable
configure:3475: result: yes
configure:3521: checking GDAL: checking whether PROJ is available for linking:
configure:3530: result: yes
configure:3541: checking GDAL: checking whether PROJ is available fur running:
configure:3550: result: yes
configure:3557: GDAL: 2.2.3
configure:3585: checking for geos-config
configure:3603: found /usr/bin/geos-config
configure:3616: result: /usr/bin/geos-config
configure:3652: checking geos-config usability
configure:3661: result: yes
configure:3670: GEOS: 3.6.2
configure:3672: checking GEOS version >= 3.4.0
configure:3680: result: yes
configure:3702: checking geos_c.h usability
configure:3702: gcc -c -g -O2 -I/usr/local/include  -I/usr/include/gdal   -I/usr/include/gdal -I/usr/include conftest.c >&5
configure:3702: $? = 0
configure:3702: result: yes
configure:3702: checking geos_c.h presence
configure:3702: gcc -E -I/usr/local/include  -I/usr/include/gdal   -I/usr/include/gdal -I/usr/include conftest.c
configure:3702: $? = 0
configure:3702: result: yes
configure:3702: checking for geos_c.h
configure:3702: result: yes
configure:3739: checking geos: linking with -L/usr/lib/x86_64-linux-gnu -lgeos_c
configure:3749: result: yes
configure:3779: Package CPP flags:   -I/usr/include/gdal -I/usr/include
configure:3781: Package LIBS:  -L/usr/lib -lgdal -L/usr/lib/x86_64-linux-gnu -lgeos_c
configure:3936: creating ./config.status

## ---------------------- ##
## Running config.status. ##
## ---------------------- ##

This file was extended by config.status, which was
generated by GNU Autoconf 2.69.  Invocation command line was

  CONFIG_FILES    = 
  CONFIG_HEADERS  = 
  CONFIG_LINKS    = 
  CONFIG_COMMANDS = 
  $ ./config.status 

on akhila-VirtualBox

config.status:728: creating src/Makevars

## ---------------- ##
## Cache variables. ##
## ---------------- ##

ac_cv_c_compiler_gnu=yes
ac_cv_env_CC_set=
ac_cv_env_CC_value=
ac_cv_env_CFLAGS_set=
ac_cv_env_CFLAGS_value=
ac_cv_env_CPPFLAGS_set=
ac_cv_env_CPPFLAGS_value=
ac_cv_env_CPP_set=
ac_cv_env_CPP_value=
ac_cv_env_LDFLAGS_set=
ac_cv_env_LDFLAGS_value=
ac_cv_env_LIBS_set=
ac_cv_env_LIBS_value=
ac_cv_env_build_alias_set=
ac_cv_env_build_alias_value=
ac_cv_env_host_alias_set=
ac_cv_env_host_alias_value=
ac_cv_env_target_alias_set=
ac_cv_env_target_alias_value=
ac_cv_header_gdal_h=yes
ac_cv_header_geos_c_h=yes
ac_cv_header_inttypes_h=yes
ac_cv_header_memory_h=yes
ac_cv_header_stdc=yes
ac_cv_header_stdint_h=yes
ac_cv_header_stdlib_h=yes
ac_cv_header_string_h=yes
ac_cv_header_strings_h=yes
ac_cv_header_sys_stat_h=yes
ac_cv_header_sys_types_h=yes
ac_cv_header_unistd_h=yes
ac_cv_objext=o
ac_cv_path_EGREP='/bin/grep -E'
ac_cv_path_GDAL_CONFIG=/usr/bin/gdal-config
ac_cv_path_GEOS_CONFIG=/usr/bin/geos-config
ac_cv_path_GREP=/bin/grep
ac_cv_prog_CPP='gcc -E'
ac_cv_prog_ac_ct_CC=gcc
ac_cv_prog_cc_c89=
ac_cv_prog_cc_g=yes

## ----------------- ##
## Output variables. ##
## ----------------- ##

CC='gcc'
CFLAGS='-g -O2'
CPP='gcc -E'
CPPFLAGS='-I/usr/local/include  -I/usr/include/gdal   -I/usr/include/gdal -I/usr/include'
DEFS='-DPACKAGE_NAME=\"\" -DPACKAGE_TARNAME=\"\" -DPACKAGE_VERSION=\"\" -DPACKAGE_STRING=\"\" -DPACKAGE_BUGREPORT=\"\" -DPACKAGE_URL=\"\" -DSTDC_HEADERS=1 -DHAVE_SYS_TYPES_H=1 -DHAVE_SYS_STAT_H=1 -DHAVE_STDLIB_H=1 -DHAVE_STRING_H=1 -DHAVE_MEMORY_H=1 -DHAVE_STRINGS_H=1 -DHAVE_INTTYPES_H=1 -DHAVE_STDINT_H=1 -DHAVE_UNISTD_H=1 -DHAVE_GDAL_H=1 -DHAVE_GEOS_C_H=1'
ECHO_C=''
ECHO_N='-n'
ECHO_T=''
EGREP='/bin/grep -E'
EXEEXT=''
GDAL_CONFIG='/usr/bin/gdal-config'
GEOS_CONFIG='/usr/bin/geos-config'
GREP='/bin/grep'
LDFLAGS='-L/usr/local/lib'
LIBOBJS=''
LIBS='  -L/usr/lib -lgdal  -L/usr/lib -lgdal'
LTLIBOBJS=''
OBJEXT='o'
PACKAGE_BUGREPORT=''
PACKAGE_NAME=''
PACKAGE_STRING=''
PACKAGE_TARNAME=''
PACKAGE_URL=''
PACKAGE_VERSION=''
PATH_SEPARATOR=':'
PKG_CPPFLAGS='  -I/usr/include/gdal -I/usr/include'
PKG_LIBS=' -L/usr/lib -lgdal -L/usr/lib/x86_64-linux-gnu -lgeos_c'
SHELL='/bin/bash'
ac_ct_CC='gcc'
bindir='${exec_prefix}/bin'
build_alias=''
datadir='${datarootdir}'
datarootdir='${prefix}/share'
docdir='${datarootdir}/doc/${PACKAGE}'
dvidir='${docdir}'
exec_prefix='${prefix}'
host_alias=''
htmldir='${docdir}'
includedir='${prefix}/include'
infodir='${datarootdir}/info'
libdir='${exec_prefix}/lib'
libexecdir='${exec_prefix}/libexec'
localedir='${datarootdir}/locale'
localstatedir='${prefix}/var'
mandir='${datarootdir}/man'
oldincludedir='/usr/include'
pdfdir='${docdir}'
prefix='/usr/local'
program_transform_name='s,x,x,'
psdir='${docdir}'
runstatedir='${localstatedir}/run'
sbindir='${exec_prefix}/sbin'
sharedstatedir='${prefix}/com'
sysconfdir='${prefix}/etc'
target_alias=''

## ----------- ##
## confdefs.h. ##
## ----------- ##

/* confdefs.h */
#define PACKAGE_NAME ""
#define PACKAGE_TARNAME ""
#define PACKAGE_VERSION ""
#define PACKAGE_STRING ""
#define PACKAGE_BUGREPORT ""
#define PACKAGE_URL ""
#define STDC_HEADERS 1
#define HAVE_SYS_TYPES_H 1
#define HAVE_SYS_STAT_H 1
#define HAVE_STDLIB_H 1
#define HAVE_STRING_H 1
#define HAVE_MEMORY_H 1
#define HAVE_STRINGS_H 1
#define HAVE_INTTYPES_H 1
#define HAVE_STDINT_H 1
#define HAVE_UNISTD_H 1
#define HAVE_GDAL_H 1
#define HAVE_GEOS_C_H 1

configure: exit 0
